<?xml version="1.0" encoding="UTF-8"?>
<coverage generated="1635845490563" clover="3.2.0">
  <project timestamp="1635845490564" name="All files">
    <metrics statements="8" coveredstatements="8" conditionals="8" coveredconditionals="8" methods="2" coveredmethods="2" elements="18" coveredelements="18" complexity="0" loc="8" ncloc="8" packages="1" files="2" classes="2"/>
    <file name="Applogin.js" path="C:\Users\Shaikh Taufique\Automation\Jest-code-coverage\Applogin.js">
      <metrics statements="6" coveredstatements="6" conditionals="8" coveredconditionals="8" methods="1" coveredmethods="1"/>
      <line num="1" count="1" type="stmt"/>
      <line num="6" count="5" type="cond" truecount="4" falsecount="0"/>
      <line num="8" count="1" type="stmt"/>
      <line num="11" count="4" type="cond" truecount="4" falsecount="0"/>
      <line num="13" count="3" type="stmt"/>
      <line num="16" count="5" type="stmt"/>
    </file>
    <file name="sum.js" path="C:\Users\Shaikh Taufique\Automation\Jest-code-coverage\sum.js">
      <metrics statements="2" coveredstatements="2" conditionals="0" coveredconditionals="0" methods="1" coveredmethods="1"/>
      <line num="2" count="1" type="stmt"/>
      <line num="4" count="1" type="stmt"/>
    </file>
  </project>
</coverage>
