<?xml version="1.0" encoding="UTF-8"?>
<coverage generated="1635510046075" clover="3.2.0">
  <project timestamp="1635510046075" name="All files">
    <metrics statements="8" coveredstatements="6" conditionals="8" coveredconditionals="3" methods="2" coveredmethods="2" elements="18" coveredelements="11" complexity="0" loc="8" ncloc="8" packages="1" files="2" classes="2"/>
    <file name="Applogin.js" path="C:\Users\Shaikh Taufique\clone\Jest-code-coverage\Applogin.js">
      <metrics statements="6" coveredstatements="4" conditionals="8" coveredconditionals="3" methods="1" coveredmethods="1"/>
      <line num="1" count="1" type="stmt"/>
      <line num="6" count="1" type="cond" truecount="3" falsecount="1"/>
      <line num="8" count="1" type="stmt"/>
      <line num="11" count="0" type="cond" truecount="0" falsecount="4"/>
      <line num="13" count="0" type="stmt"/>
      <line num="16" count="1" type="stmt"/>
    </file>
    <file name="sum.js" path="C:\Users\Shaikh Taufique\clone\Jest-code-coverage\sum.js">
      <metrics statements="2" coveredstatements="2" conditionals="0" coveredconditionals="0" methods="1" coveredmethods="1"/>
      <line num="2" count="1" type="stmt"/>
      <line num="4" count="1" type="stmt"/>
    </file>
  </project>
</coverage>
